<?xml version="1.0" encoding="UTF-8"?>
<!-- Generated by org.testng.reporters.JUnitReportReporter -->
<testsuite hostname="DESKTOP-41VTHPF" failures="0" tests="1" name="testcases.VerifyDeletedDBData" time="26.175" errors="0" timestamp="2022-08-26T11:10:23 AST" skipped="0">
  <testcase classname="testcases.VerifyDeletedDBData" name="verifyDeletedDbData" time="26.175"/>
  <system-out/>
</testsuite> <!-- testcases.VerifyDeletedDBData -->
