<?xml version="1.0" encoding="UTF-8"?>
<!-- Generated by org.testng.reporters.JUnitReportReporter -->
<testsuite hostname="DESKTOP-41VTHPF" failures="0" tests="1" name="testcases.VerifyNewUserRegisteration" time="55.103" errors="0" timestamp="2022-08-26T11:04:17 AST" skipped="0">
  <testcase classname="testcases.VerifyNewUserRegisteration" name="NewUserRegisteration" time="55.103"/>
  <system-out/>
</testsuite> <!-- testcases.VerifyNewUserRegisteration -->
