<?xml version="1.0" encoding="UTF-8"?>
<!-- Generated by org.testng.reporters.JUnitReportReporter -->
<testsuite hostname="DESKTOP-41VTHPF" failures="0" tests="1" name="testcases.VerifyDBData" time="1.924" errors="0" timestamp="2022-08-26T11:04:17 AST" skipped="0">
  <testcase classname="testcases.VerifyDBData" name="verifyDbData" time="1.924"/>
  <system-out/>
</testsuite> <!-- testcases.VerifyDBData -->
