<?xml version="1.0" encoding="UTF-8"?>
<!-- Generated by org.testng.reporters.JUnitReportReporter -->
<testsuite hostname="DESKTOP-41VTHPF" failures="0" tests="1" name="testcases.VerifyLogin" time="16.390" errors="0" timestamp="2022-08-26T18:46:28 AST" skipped="0">
  <testcase classname="testcases.VerifyLogin" name="LoginSuccessTest" time="16.390"/>
  <system-out/>
</testsuite> <!-- testcases.VerifyLogin -->
