<?xml version="1.0" encoding="UTF-8"?>
<!-- Generated by org.testng.reporters.JUnitReportReporter -->
<testsuite hostname="DESKTOP-41VTHPF" failures="0" tests="1" name="testcases.VerifyRestAPI" time="6.120" errors="0" timestamp="2022-08-26T19:19:31 AST" skipped="0">
  <testcase classname="testcases.VerifyRestAPI" name="APIChaining" time="6.120"/>
  <system-out/>
</testsuite> <!-- testcases.VerifyRestAPI -->
